<?xml version="1.0" encoding="UTF-8"?>
<!-- Generated by org.testng.reporters.JUnitXMLReporter -->
<testsuite hostname="Aejazs-MacBook-Air.local" ignored="2" name="Functional Test" tests="2" failures="0" timestamp="26 Nov 2019 20:10:35 GMT" time="23.164" errors="0">
  <testcase name="searchVideoResults" time="8.389" classname="com.automation.testcases.SearchVideos"/>
  <testcase name="searchWebResults" time="14.512" classname="com.automation.testcases.SearchText"/>
  <testcase name="@BeforeSuite setUp" time="0.0" classname="com.automation.base.DriverImplementation">
    <ignored/>
  </testcase> <!-- @BeforeSuite setUp -->
  <testcase name="@AfterSuite tearDown" time="0.0" classname="com.automation.base.DriverImplementation">
    <ignored/>
  </testcase> <!-- @AfterSuite tearDown -->
</testsuite> <!-- Functional Test -->
