<?xml version="1.0" encoding="UTF-8"?>
<!-- Generated by org.testng.reporters.JUnitXMLReporter -->
<testsuite hostname="Aejazs-MacBook-Air.local" ignored="0" name="Functional Test-Search Videos" tests="2" failures="0" timestamp="27 Nov 2019 07:02:48 GMT" time="41.318" errors="0">
  <testcase name="SearchText" time="18.744" classname="com.automation.testcases.SearchVideos"/>
  <testcase name="SearchText" time="22.554" classname="com.automation.testcases.SearchVideos"/>
</testsuite> <!-- Functional Test-Search Videos -->
