<?xml version="1.0" encoding="UTF-8"?>
<!-- Generated by org.testng.reporters.JUnitXMLReporter -->
<testsuite hostname="Aejazs-MacBook-Air.local" ignored="0" name="Functional Test-Search Web" tests="2" failures="0" timestamp="27 Nov 2019 16:46:55 GMT" time="11.276" errors="0">
  <testcase name="SearchText" time="2.67" classname="com.automation.testcases.SearchWebResults"/>
  <testcase name="SearchText" time="8.518" classname="com.automation.testcases.SearchWebResults"/>
</testsuite> <!-- Functional Test-Search Web -->
