<?xml version="1.0" encoding="UTF-8"?>
<!-- Generated by org.testng.reporters.JUnitXMLReporter -->
<testsuite hostname="Aejazs-MacBook-Air.local" ignored="2" tests="0" failures="0" timestamp="27 Nov 2019 05:55:11 GMT" time="0.015" errors="0">
  <testcase name="@BeforeSuite setUp" time="0.0" classname="com.automation.base.DriverImplementation">
    <ignored/>
  </testcase> <!-- @BeforeSuite setUp -->
  <testcase name="@AfterSuite tearDown" time="0.0" classname="com.automation.base.DriverImplementation">
    <ignored/>
  </testcase> <!-- @AfterSuite tearDown -->
</testsuite>
