<?xml version="1.0" encoding="UTF-8"?>
<testng-results skipped="0" failed="0" ignored="2" total="2" passed="0">
  <reporter-output>
  </reporter-output>
  <suite name="Command line suite" duration-ms="15" started-at="2019-11-27T05:55:10Z" finished-at="2019-11-27T05:55:10Z">
    <groups>
    </groups>
    <test name="Command line test" duration-ms="15" started-at="2019-11-27T05:55:10Z" finished-at="2019-11-27T05:55:10Z">
      <class name="com.automation.utilities.TestUtil">
        <test-method status="PASS" signature="setUp()[pri:0, instance:com.automation.utilities.TestUtil@419c5f1a]" name="setUp" is-config="true" duration-ms="10111" started-at="2019-11-27T05:55:00Z" finished-at="2019-11-27T05:55:10Z">
          <reporter-output>
          </reporter-output>
        </test-method> <!-- setUp -->
        <test-method status="PASS" signature="tearDown()[pri:0, instance:com.automation.utilities.TestUtil@419c5f1a]" name="tearDown" is-config="true" duration-ms="296" started-at="2019-11-27T05:55:11Z" finished-at="2019-11-27T05:55:11Z">
          <reporter-output>
          </reporter-output>
        </test-method> <!-- tearDown -->
      </class> <!-- com.automation.utilities.TestUtil -->
    </test> <!-- Command line test -->
  </suite> <!-- Command line suite -->
</testng-results>
