<?xml version="1.0" encoding="UTF-8"?>
<testng-results skipped="0" failed="0" ignored="0" total="4" passed="4">
  <reporter-output>
  </reporter-output>
  <suite name="Search Engine Test" duration-ms="42113" started-at="2019-11-27T16:46:44Z" finished-at="2019-11-27T16:47:26Z">
    <groups>
    </groups>
    <test name="Functional Test-Search Web" duration-ms="11276" started-at="2019-11-27T16:46:44Z" finished-at="2019-11-27T16:46:55Z">
      <class name="com.automation.testcases.SearchWebResults">
        <test-method status="PASS" signature="SearchText(java.lang.String)[pri:0, instance:com.automation.testcases.SearchWebResults@20ce78ec]" name="SearchText" duration-ms="2670" started-at="2019-11-27T16:46:44Z" data-provider="dp" finished-at="2019-11-27T16:46:47Z">
          <params>
            <param index="0">
              <value>
                <![CDATA[Selenium Testing with Java]]>
              </value>
            </param>
          </params>
          <reporter-output>
          </reporter-output>
        </test-method> <!-- SearchText -->
        <test-method status="PASS" signature="SearchText(java.lang.String)[pri:0, instance:com.automation.testcases.SearchWebResults@20ce78ec]" name="SearchText" duration-ms="8518" started-at="2019-11-27T16:46:47Z" data-provider="dp" finished-at="2019-11-27T16:46:55Z">
          <params>
            <param index="0">
              <value>
                <![CDATA[Automation Testing]]>
              </value>
            </param>
          </params>
          <reporter-output>
          </reporter-output>
        </test-method> <!-- SearchText -->
      </class> <!-- com.automation.testcases.SearchWebResults -->
    </test> <!-- Functional Test-Search Web -->
    <test name="Functional Test-Search Videos" duration-ms="30592" started-at="2019-11-27T16:46:55Z" finished-at="2019-11-27T16:47:26Z">
      <class name="com.automation.testcases.SearchVideos">
        <test-method status="PASS" signature="setUp()[pri:0, instance:com.automation.testcases.SearchVideos@71809907]" name="setUp" is-config="true" duration-ms="9393" started-at="2019-11-27T16:46:34Z" finished-at="2019-11-27T16:46:44Z">
          <reporter-output>
          </reporter-output>
        </test-method> <!-- setUp -->
        <test-method status="PASS" signature="SearchText(java.lang.String)[pri:0, instance:com.automation.testcases.SearchVideos@71809907]" name="SearchText" duration-ms="12867" started-at="2019-11-27T16:46:55Z" data-provider="dp" finished-at="2019-11-27T16:47:08Z">
          <params>
            <param index="0">
              <value>
                <![CDATA[Selenium Testing with Java]]>
              </value>
            </param>
          </params>
          <reporter-output>
          </reporter-output>
        </test-method> <!-- SearchText -->
        <test-method status="PASS" signature="SearchText(java.lang.String)[pri:0, instance:com.automation.testcases.SearchVideos@71809907]" name="SearchText" duration-ms="17712" started-at="2019-11-27T16:47:08Z" data-provider="dp" finished-at="2019-11-27T16:47:26Z">
          <params>
            <param index="0">
              <value>
                <![CDATA[Automation Testing]]>
              </value>
            </param>
          </params>
          <reporter-output>
          </reporter-output>
        </test-method> <!-- SearchText -->
        <test-method status="PASS" signature="tearDown()[pri:0, instance:com.automation.testcases.SearchVideos@71809907]" name="tearDown" is-config="true" duration-ms="462" started-at="2019-11-27T16:47:26Z" finished-at="2019-11-27T16:47:26Z">
          <reporter-output>
          </reporter-output>
        </test-method> <!-- tearDown -->
      </class> <!-- com.automation.testcases.SearchVideos -->
    </test> <!-- Functional Test-Search Videos -->
  </suite> <!-- Search Engine Test -->
</testng-results>
