<?xml version="1.0" encoding="UTF-8"?>
<testng-results skipped="0" failed="0" ignored="0" total="4" passed="4">
  <reporter-output>
  </reporter-output>
  <suite name="Search Engine Test" duration-ms="58605" started-at="2019-11-27T07:01:50Z" finished-at="2019-11-27T07:02:48Z">
    <groups>
    </groups>
    <test name="Functional Test-Search Web" duration-ms="17109" started-at="2019-11-27T07:01:50Z" finished-at="2019-11-27T07:02:07Z">
      <class name="com.automation.testcases.SearchWebResults">
        <test-method status="PASS" signature="SearchText(java.lang.String)[pri:0, instance:com.automation.testcases.SearchWebResults@1dde4cb2]" name="SearchText" duration-ms="3557" started-at="2019-11-27T07:01:50Z" data-provider="dp" finished-at="2019-11-27T07:01:53Z">
          <params>
            <param index="0">
              <value>
                <![CDATA[Selenium Testing with Java]]>
              </value>
            </param>
          </params>
          <reporter-output>
          </reporter-output>
        </test-method> <!-- SearchText -->
        <test-method status="PASS" signature="SearchText(java.lang.String)[pri:0, instance:com.automation.testcases.SearchWebResults@1dde4cb2]" name="SearchText" duration-ms="13498" started-at="2019-11-27T07:01:53Z" data-provider="dp" finished-at="2019-11-27T07:02:07Z">
          <params>
            <param index="0">
              <value>
                <![CDATA[Automation Testing]]>
              </value>
            </param>
          </params>
          <reporter-output>
          </reporter-output>
        </test-method> <!-- SearchText -->
      </class> <!-- com.automation.testcases.SearchWebResults -->
    </test> <!-- Functional Test-Search Web -->
    <test name="Functional Test-Search Videos" duration-ms="41318" started-at="2019-11-27T07:02:07Z" finished-at="2019-11-27T07:02:48Z">
      <class name="com.automation.testcases.SearchVideos">
        <test-method status="PASS" signature="setUp()[pri:0, instance:com.automation.testcases.SearchVideos@8dbdac1]" name="setUp" is-config="true" duration-ms="7160" started-at="2019-11-27T07:01:43Z" finished-at="2019-11-27T07:01:50Z">
          <reporter-output>
          </reporter-output>
        </test-method> <!-- setUp -->
        <test-method status="PASS" signature="SearchText(java.lang.String)[pri:0, instance:com.automation.testcases.SearchVideos@8dbdac1]" name="SearchText" duration-ms="18744" started-at="2019-11-27T07:02:07Z" data-provider="dp" finished-at="2019-11-27T07:02:26Z">
          <params>
            <param index="0">
              <value>
                <![CDATA[Selenium Testing with Java]]>
              </value>
            </param>
          </params>
          <reporter-output>
          </reporter-output>
        </test-method> <!-- SearchText -->
        <test-method status="PASS" signature="SearchText(java.lang.String)[pri:0, instance:com.automation.testcases.SearchVideos@8dbdac1]" name="SearchText" duration-ms="22554" started-at="2019-11-27T07:02:26Z" data-provider="dp" finished-at="2019-11-27T07:02:48Z">
          <params>
            <param index="0">
              <value>
                <![CDATA[Automation Testing]]>
              </value>
            </param>
          </params>
          <reporter-output>
          </reporter-output>
        </test-method> <!-- SearchText -->
        <test-method status="PASS" signature="tearDown()[pri:0, instance:com.automation.testcases.SearchVideos@8dbdac1]" name="tearDown" is-config="true" duration-ms="297" started-at="2019-11-27T07:02:48Z" finished-at="2019-11-27T07:02:49Z">
          <reporter-output>
          </reporter-output>
        </test-method> <!-- tearDown -->
      </class> <!-- com.automation.testcases.SearchVideos -->
    </test> <!-- Functional Test-Search Videos -->
  </suite> <!-- Search Engine Test -->
</testng-results>
